<?xml version="1.0" encoding="UTF-8"?>
<testsuite name="com.hue.api.controller.LightGroupControllerTest" tests="7" skipped="0" failures="0" errors="0" timestamp="2026-07-25T15:20:21.022Z" hostname="MacBook-Air.local" time="1.104">
  <properties/>
  <testcase name="testBrightnessAtBoundaryZero()" classname="com.hue.api.controller.LightGroupControllerTest" time="0.449"/>
  <testcase name="testBrightnessAtBoundaryHundred()" classname="com.hue.api.controller.LightGroupControllerTest" time="0.003"/>
  <testcase name="testMissingThemeFieldValidation()" classname="com.hue.api.controller.LightGroupControllerTest" time="0.006"/>
  <testcase name="testDecimalBrightnessValue()" classname="com.hue.api.controller.LightGroupControllerTest" time="0.003"/>
  <testcase name="testInvalidBrightnessAboveMaximum()" classname="com.hue.api.controller.LightGroupControllerTest" time="0.003"/>
  <testcase name="testInvalidBrightnessBelowMinimum()" classname="com.hue.api.controller.LightGroupControllerTest" time="0.003"/>
  <testcase name="testSuccessfulThemeApplication()" classname="com.hue.api.controller.LightGroupControllerTest" time="0.002"/>
  <system-out><![CDATA[09:20:21.080 [Test worker] INFO org.springframework.test.context.support.AnnotationConfigContextLoaderUtils -- Could not detect default configuration classes for test class [com.hue.api.controller.LightGroupControllerTest]: LightGroupControllerTest does not declare any static, non-private, non-final, nested classes annotated with @Configuration.
09:20:21.125 [Test worker] INFO org.springframework.boot.test.context.SpringBootTestContextBootstrapper -- Found @SpringBootConfiguration com.hue.api.HueRestApiApplication for test class com.hue.api.controller.LightGroupControllerTest
09:20:21.152 [Test worker] INFO org.springframework.test.context.support.AnnotationConfigContextLoaderUtils -- Could not detect default configuration classes for test class [com.hue.api.controller.LightGroupControllerTest]: LightGroupControllerTest does not declare any static, non-private, non-final, nested classes annotated with @Configuration.
09:20:21.153 [Test worker] INFO org.springframework.boot.test.context.SpringBootTestContextBootstrapper -- Found @SpringBootConfiguration com.hue.api.HueRestApiApplication for test class com.hue.api.controller.LightGroupControllerTest

  .   ____          _            __ _ _
 /\\ / ___'_ __ _ _(_)_ __  __ _ \ \ \ \
( ( )\___ | '_ | '_| | '_ \/ _` | \ \ \ \
 \\/  ___)| |_)| | | | | || (_| |  ) ) ) )
  '  |____| .__|_| |_|_| |_\__, | / / / /
 =========|_|==============|___/=/_/_/_/

 :: Spring Boot ::                (v4.1.0)

2026-07-25T09:20:21.251-06:00  INFO 17635 --- [    Test worker] c.h.a.c.LightGroupControllerTest         : Starting LightGroupControllerTest using Java 21.0.8 with PID 17635 (started by jerrethalter in /Users/jerrethalter/projects/hue-rest-api/app)
2026-07-25T09:20:21.252-06:00  INFO 17635 --- [    Test worker] c.h.a.c.LightGroupControllerTest         : No active profile set, falling back to 1 default profile: "default"
2026-07-25T09:20:21.648-06:00  INFO 17635 --- [    Test worker] c.h.a.c.LightGroupControllerTest         : Started LightGroupControllerTest in 0.473 seconds (process running for 0.916)
2026-07-25T09:20:21.963-06:00  INFO 17635 --- [    Test worker] o.s.b.t.m.w.SpringBootMockServletContext : Initializing Spring TestDispatcherServlet ''
2026-07-25T09:20:21.963-06:00  INFO 17635 --- [    Test worker] o.s.t.web.servlet.TestDispatcherServlet  : Initializing Servlet ''
2026-07-25T09:20:21.964-06:00  INFO 17635 --- [    Test worker] o.s.t.web.servlet.TestDispatcherServlet  : Completed initialization in 1 ms
2026-07-25T09:20:22.104-06:00  INFO 17635 --- [    Test worker] o.s.b.t.m.w.SpringBootMockServletContext : Initializing Spring TestDispatcherServlet ''
2026-07-25T09:20:22.104-06:00  INFO 17635 --- [    Test worker] o.s.t.web.servlet.TestDispatcherServlet  : Initializing Servlet ''
2026-07-25T09:20:22.105-06:00  INFO 17635 --- [    Test worker] o.s.t.web.servlet.TestDispatcherServlet  : Completed initialization in 0 ms
2026-07-25T09:20:22.108-06:00  INFO 17635 --- [    Test worker] o.s.b.t.m.w.SpringBootMockServletContext : Initializing Spring TestDispatcherServlet ''
2026-07-25T09:20:22.108-06:00  INFO 17635 --- [    Test worker] o.s.t.web.servlet.TestDispatcherServlet  : Initializing Servlet ''
2026-07-25T09:20:22.109-06:00  INFO 17635 --- [    Test worker] o.s.t.web.servlet.TestDispatcherServlet  : Completed initialization in 1 ms
2026-07-25T09:20:22.116-06:00  INFO 17635 --- [    Test worker] o.s.b.t.m.w.SpringBootMockServletContext : Initializing Spring TestDispatcherServlet ''
2026-07-25T09:20:22.116-06:00  INFO 17635 --- [    Test worker] o.s.t.web.servlet.TestDispatcherServlet  : Initializing Servlet ''
2026-07-25T09:20:22.116-06:00  INFO 17635 --- [    Test worker] o.s.t.web.servlet.TestDispatcherServlet  : Completed initialization in 0 ms
2026-07-25T09:20:22.119-06:00  INFO 17635 --- [    Test worker] o.s.b.t.m.w.SpringBootMockServletContext : Initializing Spring TestDispatcherServlet ''
2026-07-25T09:20:22.119-06:00  INFO 17635 --- [    Test worker] o.s.t.web.servlet.TestDispatcherServlet  : Initializing Servlet ''
2026-07-25T09:20:22.119-06:00  INFO 17635 --- [    Test worker] o.s.t.web.servlet.TestDispatcherServlet  : Completed initialization in 0 ms
2026-07-25T09:20:22.122-06:00  INFO 17635 --- [    Test worker] o.s.b.t.m.w.SpringBootMockServletContext : Initializing Spring TestDispatcherServlet ''
2026-07-25T09:20:22.122-06:00  INFO 17635 --- [    Test worker] o.s.t.web.servlet.TestDispatcherServlet  : Initializing Servlet ''
2026-07-25T09:20:22.122-06:00  INFO 17635 --- [    Test worker] o.s.t.web.servlet.TestDispatcherServlet  : Completed initialization in 0 ms
2026-07-25T09:20:22.125-06:00  INFO 17635 --- [    Test worker] o.s.b.t.m.w.SpringBootMockServletContext : Initializing Spring TestDispatcherServlet ''
2026-07-25T09:20:22.125-06:00  INFO 17635 --- [    Test worker] o.s.t.web.servlet.TestDispatcherServlet  : Initializing Servlet ''
2026-07-25T09:20:22.125-06:00  INFO 17635 --- [    Test worker] o.s.t.web.servlet.TestDispatcherServlet  : Completed initialization in 0 ms
]]></system-out>
  <system-err><![CDATA[Mockito is currently self-attaching to enable the inline-mock-maker. This will no longer work in future releases of the JDK. Please add Mockito as an agent to your build as described in Mockito's documentation: https://javadoc.io/doc/org.mockito/mockito-core/latest/org.mockito/org/mockito/Mockito.html#0.3
WARNING: A Java agent has been loaded dynamically (/Users/jerrethalter/.gradle/caches/modules-2/files-2.1/net.bytebuddy/byte-buddy-agent/1.18.10/9426d28828bdcdf42666bb7a68c468279ea78f59/byte-buddy-agent-1.18.10.jar)
WARNING: If a serviceability tool is in use, please run with -XX:+EnableDynamicAgentLoading to hide this warning
WARNING: If a serviceability tool is not in use, please run with -Djdk.instrument.traceUsage for more information
WARNING: Dynamic loading of agents will be disallowed by default in a future release
]]></system-err>
</testsuite>
