<?xml version="1.0" encoding="UTF-8"?>
<testsuite name="com.hue.api.config.RestClientConfigTest" tests="2" skipped="0" failures="0" errors="0" timestamp="2026-07-26T00:03:11.615Z" hostname="MacBook-Air.local" time="4.362">
  <properties/>
  <testcase name="testRestClientBeanIsProvided()" classname="com.hue.api.config.RestClientConfigTest" time="0.766"/>
  <testcase name="testRestClientCanBeInjected()" classname="com.hue.api.config.RestClientConfigTest" time="0.008"/>
  <system-out><![CDATA[18:03:11.853 [Test worker] INFO org.springframework.test.context.support.AnnotationConfigContextLoaderUtils -- Could not detect default configuration classes for test class [com.hue.api.config.RestClientConfigTest]: RestClientConfigTest does not declare any static, non-private, non-final, nested classes annotated with @Configuration.
18:03:12.046 [Test worker] INFO org.springframework.boot.test.context.SpringBootTestContextBootstrapper -- Found @SpringBootConfiguration com.hue.api.HueRestApiApplication for test class com.hue.api.config.RestClientConfigTest
18:03:12.134 [Test worker] INFO org.springframework.test.context.support.AnnotationConfigContextLoaderUtils -- Could not detect default configuration classes for test class [com.hue.api.config.RestClientConfigTest]: RestClientConfigTest does not declare any static, non-private, non-final, nested classes annotated with @Configuration.
18:03:12.138 [Test worker] INFO org.springframework.boot.test.context.SpringBootTestContextBootstrapper -- Found @SpringBootConfiguration com.hue.api.HueRestApiApplication for test class com.hue.api.config.RestClientConfigTest

  .   ____          _            __ _ _
 /\\ / ___'_ __ _ _(_)_ __  __ _ \ \ \ \
( ( )\___ | '_ | '_| | '_ \/ _` | \ \ \ \
 \\/  ___)| |_)| | | | | || (_| |  ) ) ) )
  '  |____| .__|_| |_|_| |_\__, | / / / /
 =========|_|==============|___/=/_/_/_/

 :: Spring Boot ::                (v4.1.0)

2026-07-25T18:03:12.686-06:00  INFO 521 --- [    Test worker] c.hue.api.config.RestClientConfigTest    : Starting RestClientConfigTest using Java 25.0.4 with PID 521 (started by jerrethalter in /Users/jerrethalter/projects/hue-rest-api/app)
2026-07-25T18:03:12.708-06:00  INFO 521 --- [    Test worker] c.hue.api.config.RestClientConfigTest    : No active profile set, falling back to 1 default profile: "default"
2026-07-25T18:03:15.171-06:00  INFO 521 --- [    Test worker] c.hue.api.config.RestClientConfigTest    : Started RestClientConfigTest in 2.957 seconds (process running for 4.909)
]]></system-out>
  <system-err><![CDATA[Mockito is currently self-attaching to enable the inline-mock-maker. This will no longer work in future releases of the JDK. Please add Mockito as an agent to your build as described in Mockito's documentation: https://javadoc.io/doc/org.mockito/mockito-core/latest/org.mockito/org/mockito/Mockito.html#0.3
WARNING: A Java agent has been loaded dynamically (/Users/jerrethalter/.gradle/caches/modules-2/files-2.1/net.bytebuddy/byte-buddy-agent/1.18.10/9426d28828bdcdf42666bb7a68c468279ea78f59/byte-buddy-agent-1.18.10.jar)
WARNING: If a serviceability tool is in use, please run with -XX:+EnableDynamicAgentLoading to hide this warning
WARNING: If a serviceability tool is not in use, please run with -Djdk.instrument.traceUsage for more information
WARNING: Dynamic loading of agents will be disallowed by default in a future release
]]></system-err>
</testsuite>
