<?xml version="1.0" encoding="UTF-8"?>
<testsuite name="com.hue.api.controller.HueLightsControllerTest" tests="3" skipped="0" failures="0" errors="0" timestamp="2026-07-26T00:03:15.980Z" hostname="MacBook-Air.local" time="0.767">
  <properties/>
  <testcase name="getLightsMapsIntegrationFailureToSafeError()" classname="com.hue.api.controller.HueLightsControllerTest" time="0.654"/>
  <testcase name="getLightsReturnsMappedResponseShape()" classname="com.hue.api.controller.HueLightsControllerTest" time="0.06"/>
  <testcase name="getLightsDoesNotExposeRawClientFields()" classname="com.hue.api.controller.HueLightsControllerTest" time="0.042"/>
  <system-out><![CDATA[2026-07-25T18:03:16.350-06:00  INFO 521 --- [    Test worker] o.s.mock.web.MockServletContext          : Initializing Spring TestDispatcherServlet ''
2026-07-25T18:03:16.352-06:00  INFO 521 --- [    Test worker] o.s.t.web.servlet.TestDispatcherServlet  : Initializing Servlet ''
2026-07-25T18:03:16.355-06:00  INFO 521 --- [    Test worker] o.s.t.web.servlet.TestDispatcherServlet  : Completed initialization in 1 ms
2026-07-25T18:03:16.669-06:00  INFO 521 --- [    Test worker] o.s.mock.web.MockServletContext          : Initializing Spring TestDispatcherServlet ''
2026-07-25T18:03:16.669-06:00  INFO 521 --- [    Test worker] o.s.t.web.servlet.TestDispatcherServlet  : Initializing Servlet ''
2026-07-25T18:03:16.669-06:00  INFO 521 --- [    Test worker] o.s.t.web.servlet.TestDispatcherServlet  : Completed initialization in 0 ms
2026-07-25T18:03:16.723-06:00  INFO 521 --- [    Test worker] o.s.mock.web.MockServletContext          : Initializing Spring TestDispatcherServlet ''
2026-07-25T18:03:16.724-06:00  INFO 521 --- [    Test worker] o.s.t.web.servlet.TestDispatcherServlet  : Initializing Servlet ''
2026-07-25T18:03:16.724-06:00  INFO 521 --- [    Test worker] o.s.t.web.servlet.TestDispatcherServlet  : Completed initialization in 0 ms
]]></system-out>
  <system-err><![CDATA[]]></system-err>
</testsuite>
