<?xml version="1.0" encoding="UTF-8"?>
<testsuite name="com.hue.api.config.RestClientConfigTest" tests="2" skipped="0" failures="0" errors="0" timestamp="2026-07-25T22:08:52.929Z" hostname="MacBook-Air.local" time="1.094">
  <properties/>
  <testcase name="testRestClientBeanIsProvided()" classname="com.hue.api.config.RestClientConfigTest" time="0.411"/>
  <testcase name="testRestClientCanBeInjected()" classname="com.hue.api.config.RestClientConfigTest" time="0.002"/>
  <system-out><![CDATA[16:08:52.983 [Test worker] INFO org.springframework.test.context.support.AnnotationConfigContextLoaderUtils -- Could not detect default configuration classes for test class [com.hue.api.config.RestClientConfigTest]: RestClientConfigTest does not declare any static, non-private, non-final, nested classes annotated with @Configuration.
16:08:53.023 [Test worker] INFO org.springframework.boot.test.context.SpringBootTestContextBootstrapper -- Found @SpringBootConfiguration com.hue.api.HueRestApiApplication for test class com.hue.api.config.RestClientConfigTest
16:08:53.051 [Test worker] INFO org.springframework.test.context.support.AnnotationConfigContextLoaderUtils -- Could not detect default configuration classes for test class [com.hue.api.config.RestClientConfigTest]: RestClientConfigTest does not declare any static, non-private, non-final, nested classes annotated with @Configuration.
16:08:53.052 [Test worker] INFO org.springframework.boot.test.context.SpringBootTestContextBootstrapper -- Found @SpringBootConfiguration com.hue.api.HueRestApiApplication for test class com.hue.api.config.RestClientConfigTest

  .   ____          _            __ _ _
 /\\ / ___'_ __ _ _(_)_ __  __ _ \ \ \ \
( ( )\___ | '_ | '_| | '_ \/ _` | \ \ \ \
 \\/  ___)| |_)| | | | | || (_| |  ) ) ) )
  '  |____| .__|_| |_|_| |_\__, | / / / /
 =========|_|==============|___/=/_/_/_/

 :: Spring Boot ::                (v4.1.0)

2026-07-25T16:08:53.141-06:00  INFO 77323 --- [    Test worker] c.hue.api.config.RestClientConfigTest    : Starting RestClientConfigTest using Java 25.0.3 with PID 77323 (started by jerrethalter in /Users/jerrethalter/projects/hue-rest-api/app)
2026-07-25T16:08:53.142-06:00  INFO 77323 --- [    Test worker] c.hue.api.config.RestClientConfigTest    : No active profile set, falling back to 1 default profile: "default"
2026-07-25T16:08:53.604-06:00  INFO 77323 --- [    Test worker] c.hue.api.config.RestClientConfigTest    : Started RestClientConfigTest in 0.5 seconds (process running for 0.988)
]]></system-out>
  <system-err><![CDATA[Mockito is currently self-attaching to enable the inline-mock-maker. This will no longer work in future releases of the JDK. Please add Mockito as an agent to your build as described in Mockito's documentation: https://javadoc.io/doc/org.mockito/mockito-core/latest/org.mockito/org/mockito/Mockito.html#0.3
WARNING: A Java agent has been loaded dynamically (/Users/jerrethalter/.gradle/caches/modules-2/files-2.1/net.bytebuddy/byte-buddy-agent/1.18.10/9426d28828bdcdf42666bb7a68c468279ea78f59/byte-buddy-agent-1.18.10.jar)
WARNING: If a serviceability tool is in use, please run with -XX:+EnableDynamicAgentLoading to hide this warning
WARNING: If a serviceability tool is not in use, please run with -Djdk.instrument.traceUsage for more information
WARNING: Dynamic loading of agents will be disallowed by default in a future release
]]></system-err>
</testsuite>
